TN:
SF:src\App.tsx
FN:10,(anonymous_3)
FN:37,(anonymous_4)
FN:82,(anonymous_5)
FN:141,(anonymous_6)
FNF:4
FNH:0
FNDA:0,(anonymous_3)
FNDA:0,(anonymous_4)
FNDA:0,(anonymous_5)
FNDA:0,(anonymous_6)
DA:1,0
DA:2,0
DA:3,0
DA:4,0
DA:5,0
DA:6,0
DA:7,0
DA:10,0
DA:11,0
DA:13,0
DA:22,0
DA:23,0
DA:24,0
DA:34,0
DA:37,0
DA:38,0
DA:39,0
DA:40,0
DA:41,0
DA:42,0
DA:43,0
DA:46,0
DA:82,0
DA:141,0
DA:142,0
DA:144,0
DA:183,0
LF:27
LH:0
BRDA:17,0,0,0
BRDA:17,0,1,0
BRDA:18,1,0,0
BRDA:18,1,1,0
BRDA:22,2,0,0
BRDA:51,3,0,0
BRDA:51,3,1,0
BRDA:61,4,0,0
BRDA:61,4,1,0
BRDA:107,5,0,0
BRDA:107,5,1,0
BRF:11
BRH:0
end_of_record
TN:
SF:src\AppRefactored.tsx
FN:18,(anonymous_3)
FN:25,ServiceFactory
FN:32,(anonymous_5)
FN:39,(anonymous_6)
FN:43,(anonymous_7)
FN:47,(anonymous_8)
FN:51,(anonymous_9)
FN:57,(anonymous_10)
FN:79,(anonymous_11)
FNF:9
FNH:0
FNDA:0,(anonymous_3)
FNDA:0,ServiceFactory
FNDA:0,(anonymous_5)
FNDA:0,(anonymous_6)
FNDA:0,(anonymous_7)
FNDA:0,(anonymous_8)
FNDA:0,(anonymous_9)
FNDA:0,(anonymous_10)
FNDA:0,(anonymous_11)
DA:8,0
DA:9,0
DA:10,0
DA:11,0
DA:12,0
DA:13,0
DA:14,0
DA:15,0
DA:18,0
DA:26,0
DA:27,0
DA:28,0
DA:29,0
DA:32,0
DA:33,0
DA:34,0
DA:36,0
DA:39,0
DA:40,0
DA:43,0
DA:44,0
DA:47,0
DA:48,0
DA:51,0
DA:52,0
DA:54,0
DA:57,0
DA:58,0
DA:60,0
DA:61,0
DA:71,0
DA:72,0
DA:75,0
DA:79,0
DA:80,0
DA:89,0
LF:36
LH:0
BRDA:33,0,0,0
BRDA:60,1,0,0
BRDA:71,2,0,0
BRF:3
BRH:0
end_of_record
TN:
SF:src\components\ConnectionStatus.tsx
FN:9,(anonymous_3)
FNF:1
FNH:0
FNDA:0,(anonymous_3)
DA:1,0
DA:2,0
DA:3,0
DA:9,0
DA:10,0
DA:40,0
LF:6
LH:0
BRDA:15,0,0,0
BRDA:15,0,1,0
BRDA:20,1,0,0
BRDA:20,1,1,0
BRF:4
BRH:0
end_of_record
TN:
SF:src\components\ControlPanel.tsx
FN:21,(anonymous_8)
FN:30,(anonymous_9)
FN:31,(anonymous_10)
FN:39,(anonymous_11)
FN:46,(anonymous_12)
FN:56,(anonymous_13)
FN:143,(anonymous_14)
FN:189,(anonymous_15)
FNF:8
FNH:0
FNDA:0,(anonymous_8)
FNDA:0,(anonymous_9)
FNDA:0,(anonymous_10)
FNDA:0,(anonymous_11)
FNDA:0,(anonymous_12)
FNDA:0,(anonymous_13)
FNDA:0,(anonymous_14)
FNDA:0,(anonymous_15)
DA:1,0
DA:2,0
DA:3,0
DA:21,0
DA:22,0
DA:23,0
DA:24,0
DA:26,0
DA:27,0
DA:30,0
DA:31,0
DA:32,0
DA:33,0
DA:39,0
DA:40,0
DA:41,0
DA:42,0
DA:46,0
DA:47,0
DA:48,0
DA:51,0
DA:52,0
DA:56,0
DA:57,0
DA:61,0
DA:124,0
DA:144,0
DA:145,0
DA:146,0
DA:150,0
DA:189,0
DA:241,0
LF:32
LH:0
BRDA:32,0,0,0
BRDA:40,1,0,0
BRDA:41,2,0,0
BRDA:51,3,0,0
BRDA:145,4,0,0
BRDA:145,4,1,0
BRDA:145,5,0,0
BRDA:145,5,1,0
BRDA:146,6,0,0
BRDA:146,6,1,0
BRDA:167,7,0,0
BRDA:167,7,1,0
BRDA:168,8,0,0
BRDA:168,8,1,0
BRDA:169,9,0,0
BRDA:169,9,1,0
BRDA:176,10,0,0
BRDA:176,10,1,0
BRDA:200,11,0,0
BRDA:200,11,1,0
BRDA:212,12,0,0
BRDA:212,12,1,0
BRDA:213,13,0,0
BRDA:213,13,1,0
BRDA:214,14,0,0
BRDA:214,14,1,0
BRF:26
BRH:0
end_of_record
TN:
SF:src\components\Dashboard.tsx
FN:24,(anonymous_23)
FN:47,(anonymous_24)
FN:48,(anonymous_25)
FN:51,(anonymous_28)
FN:92,(anonymous_29)
FN:110,(anonymous_30)
FN:124,(anonymous_31)
FN:127,(anonymous_32)
FN:132,(anonymous_35)
FN:140,(anonymous_36)
FN:145,(anonymous_37)
FN:149,(anonymous_38)
FN:149,(anonymous_39)
FN:154,(anonymous_41)
FN:158,(anonymous_42)
FN:168,(anonymous_43)
FN:183,(anonymous_46)
FN:205,(anonymous_47)
FNF:18
FNH:0
FNDA:0,(anonymous_23)
FNDA:0,(anonymous_24)
FNDA:0,(anonymous_25)
FNDA:0,(anonymous_28)
FNDA:0,(anonymous_29)
FNDA:0,(anonymous_30)
FNDA:0,(anonymous_31)
FNDA:0,(anonymous_32)
FNDA:0,(anonymous_35)
FNDA:0,(anonymous_36)
FNDA:0,(anonymous_37)
FNDA:0,(anonymous_38)
FNDA:0,(anonymous_39)
FNDA:0,(anonymous_41)
FNDA:0,(anonymous_42)
FNDA:0,(anonymous_43)
FNDA:0,(anonymous_46)
FNDA:0,(anonymous_47)
DA:1,0
DA:2,0
DA:3,0
DA:14,0
DA:17,0
DA:18,0
DA:19,0
DA:20,0
DA:22,0
DA:24,0
DA:25,0
DA:44,0
DA:47,0
DA:48,0
DA:50,0
DA:51,0
DA:54,0
DA:56,0
DA:57,0
DA:59,0
DA:63,0
DA:65,0
DA:66,0
DA:68,0
DA:72,0
DA:74,0
DA:75,0
DA:77,0
DA:81,0
DA:83,0
DA:84,0
DA:86,0
DA:90,0
DA:92,0
DA:103,0
DA:104,0
DA:106,0
DA:109,0
DA:110,0
DA:116,0
DA:120,0
DA:124,0
DA:125,0
DA:127,0
DA:129,0
DA:130,0
DA:132,0
DA:139,0
DA:140,0
DA:141,0
DA:145,0
DA:149,0
DA:151,0
DA:152,0
DA:154,0
DA:157,0
DA:158,0
DA:160,0
DA:162,0
DA:163,0
DA:168,0
DA:169,0
DA:171,0
DA:172,0
DA:173,0
DA:176,0
DA:177,0
DA:178,0
DA:180,0
DA:183,0
DA:191,0
DA:192,0
DA:194,0
DA:197,0
DA:198,0
DA:200,0
DA:205,0
DA:206,0
DA:207,0
DA:208,0
DA:211,0
DA:212,0
DA:227,0
DA:336,0
LF:84
LH:0
BRDA:90,0,0,0
BRDA:90,0,1,0
BRDA:100,1,0,0
BRDA:100,1,1,0
BRDA:103,2,0,0
BRDA:103,2,1,0
BRDA:125,3,0,0
BRDA:151,4,0,0
BRDA:188,5,0,0
BRDA:188,5,1,0
BRDA:191,6,0,0
BRDA:191,6,1,0
BRDA:211,7,0,0
BRDA:255,8,0,0
BRDA:255,8,1,0
BRDA:274,9,0,0
BRDA:274,9,1,0
BRF:17
BRH:0
end_of_record
TN:
SF:src\components\Login.tsx
FN:8,(anonymous_21)
FN:26,(anonymous_22)
FN:48,(anonymous_23)
FN:48,(anonymous_24)
FN:82,(anonymous_26)
FN:83,(anonymous_27)
FN:189,(anonymous_28)
FNF:7
FNH:0
FNDA:0,(anonymous_21)
FNDA:0,(anonymous_22)
FNDA:0,(anonymous_23)
FNDA:0,(anonymous_24)
FNDA:0,(anonymous_26)
FNDA:0,(anonymous_27)
FNDA:0,(anonymous_28)
DA:1,0
DA:2,0
DA:3,0
DA:4,0
DA:5,0
DA:6,0
DA:8,0
DA:9,0
DA:13,0
DA:14,0
DA:16,0
DA:17,0
DA:19,0
DA:26,0
DA:27,0
DA:29,0
DA:30,0
DA:31,0
DA:36,0
DA:37,0
DA:38,0
DA:48,0
DA:49,0
DA:51,0
DA:52,0
DA:53,0
DA:56,0
DA:57,0
DA:60,0
DA:61,0
DA:63,0
DA:64,0
DA:65,0
DA:67,0
DA:68,0
DA:70,0
DA:71,0
DA:74,0
DA:75,0
DA:77,0
DA:78,0
DA:82,0
DA:83,0
DA:89,0
DA:189,0
DA:227,0
LF:46
LH:0
BRDA:29,0,0,0
BRDA:29,1,0,0
BRDA:29,1,1,0
BRDA:36,2,0,0
BRDA:51,3,0,0
BRDA:51,4,0,0
BRDA:51,4,1,0
BRDA:63,5,0,0
BRDA:63,5,1,0
BRDA:71,6,0,0
BRDA:71,6,1,0
BRDA:127,7,0,0
BRDA:127,7,1,0
BRDA:178,8,0,0
BRDA:178,8,1,0
BRDA:192,9,0,0
BRDA:192,9,1,0
BRDA:209,10,0,0
BRDA:209,10,1,0
BRF:19
BRH:0
end_of_record
TN:
SF:src\components\PredictionCards.tsx
FN:19,(anonymous_3)
FN:21,(anonymous_4)
FN:34,(anonymous_5)
FN:43,(anonymous_6)
FN:105,(anonymous_7)
FNF:5
FNH:0
FNDA:0,(anonymous_3)
FNDA:0,(anonymous_4)
FNDA:0,(anonymous_5)
FNDA:0,(anonymous_6)
FNDA:0,(anonymous_7)
DA:1,0
DA:2,0
DA:3,0
DA:19,0
DA:21,0
DA:22,0
DA:23,0
DA:24,0
DA:25,0
DA:27,0
DA:28,0
DA:29,0
DA:34,0
DA:35,0
DA:36,0
DA:37,0
DA:40,0
DA:41,0
DA:43,0
DA:60,0
DA:61,0
DA:63,0
DA:103,0
DA:105,0
DA:174,0
LF:25
LH:0
BRDA:22,0,0,0
BRDA:22,0,1,0
BRDA:23,1,0,0
BRDA:24,2,0,0
BRDA:27,3,0,0
BRDA:28,4,0,0
BRDA:35,5,0,0
BRDA:36,6,0,0
BRDA:40,7,0,0
BRDA:40,8,0,0
BRDA:40,8,1,0
BRDA:92,9,0,0
BRDA:92,9,1,0
BRDA:94,10,0,0
BRDA:94,10,1,0
BRDA:95,11,0,0
BRDA:95,11,1,0
BRDA:96,12,0,0
BRDA:96,12,1,0
BRDA:125,13,0,0
BRDA:125,13,1,0
BRDA:141,14,0,0
BRDA:141,14,1,0
BRDA:143,15,0,0
BRDA:143,15,1,0
BRF:25
BRH:0
end_of_record
TN:
SF:src\components\RealTimeGraph.tsx
FN:26,(anonymous_9)
FN:33,(anonymous_10)
FN:34,(anonymous_11)
FN:49,(anonymous_12)
FN:73,(anonymous_13)
FN:80,(anonymous_14)
FN:153,(anonymous_15)
FNF:7
FNH:0
FNDA:0,(anonymous_9)
FNDA:0,(anonymous_10)
FNDA:0,(anonymous_11)
FNDA:0,(anonymous_12)
FNDA:0,(anonymous_13)
FNDA:0,(anonymous_14)
FNDA:0,(anonymous_15)
DA:1,0
DA:2,0
DA:3,0
DA:15,0
DA:17,0
DA:26,0
DA:27,0
DA:28,0
DA:29,0
DA:30,0
DA:33,0
DA:34,0
DA:49,0
DA:51,0
DA:52,0
DA:53,0
DA:54,0
DA:55,0
DA:56,0
DA:61,0
DA:62,0
DA:63,0
DA:64,0
DA:66,0
DA:67,0
DA:68,0
DA:73,0
DA:74,0
DA:75,0
DA:80,0
DA:88,0
DA:91,0
DA:92,0
DA:107,0
DA:153,0
DA:292,0
LF:36
LH:0
BRDA:30,0,0,0
BRDA:30,0,1,0
BRDA:36,1,0,0
BRDA:36,1,1,0
BRDA:37,2,0,0
BRDA:37,2,1,0
BRDA:38,3,0,0
BRDA:38,3,1,0
BRDA:39,4,0,0
BRDA:39,4,1,0
BRDA:40,5,0,0
BRDA:40,5,1,0
BRDA:41,6,0,0
BRDA:41,6,1,0
BRDA:42,7,0,0
BRDA:42,7,1,0
BRDA:43,8,0,0
BRDA:43,8,1,0
BRDA:44,9,0,0
BRDA:44,9,1,0
BRDA:51,10,0,0
BRDA:52,11,0,0
BRDA:52,11,1,0
BRDA:52,11,2,0
BRDA:52,11,3,0
BRDA:61,12,0,0
BRDA:61,12,1,0
BRDA:62,13,0,0
BRDA:63,14,0,0
BRDA:66,15,0,0
BRDA:67,16,0,0
BRDA:74,17,0,0
BRDA:74,18,0,0
BRDA:74,18,1,0
BRDA:74,18,2,0
BRDA:78,19,0,0
BRDA:78,19,1,0
BRDA:78,20,0,0
BRDA:78,20,1,0
BRDA:78,21,0,0
BRDA:78,21,1,0
BRDA:78,22,0,0
BRDA:78,22,1,0
BRDA:82,23,0,0
BRDA:82,23,1,0
BRDA:91,24,0,0
BRDA:125,25,0,0
BRDA:125,25,1,0
BRDA:153,26,0,0
BRDA:153,26,1,0
BRDA:153,27,0,0
BRDA:153,27,1,0
BRDA:153,28,0,0
BRDA:153,28,1,0
BRDA:187,29,0,0
BRDA:187,29,1,0
BRDA:187,29,2,0
BRDA:213,30,0,0
BRDA:213,30,1,0
BRDA:241,31,0,0
BRDA:241,31,1,0
BRDA:248,32,0,0
BRDA:248,32,1,0
BRF:63
BRH:0
end_of_record
TN:
SF:src\components\RecommendationsPanel.tsx
FN:21,(anonymous_9)
FN:29,(anonymous_10)
FN:34,(anonymous_11)
FN:139,(anonymous_12)
FN:152,(anonymous_13)
FN:184,(anonymous_14)
FN:215,(anonymous_15)
FN:264,(anonymous_16)
FNF:8
FNH:0
FNDA:0,(anonymous_9)
FNDA:0,(anonymous_10)
FNDA:0,(anonymous_11)
FNDA:0,(anonymous_12)
FNDA:0,(anonymous_13)
FNDA:0,(anonymous_14)
FNDA:0,(anonymous_15)
FNDA:0,(anonymous_16)
DA:1,0
DA:2,0
DA:3,0
DA:21,0
DA:22,0
DA:23,0
DA:24,0
DA:26,0
DA:29,0
DA:30,0
DA:33,0
DA:34,0
DA:35,0
DA:45,0
DA:49,0
DA:52,0
DA:53,0
DA:62,0
DA:63,0
DA:75,0
DA:76,0
DA:77,0
DA:86,0
DA:87,0
DA:99,0
DA:100,0
DA:111,0
DA:112,0
DA:124,0
DA:125,0
DA:133,0
DA:137,0
DA:139,0
DA:140,0
DA:142,0
DA:144,0
DA:146,0
DA:148,0
DA:152,0
DA:153,0
DA:155,0
DA:157,0
DA:159,0
DA:161,0
DA:165,0
DA:184,0
DA:215,0
DA:264,0
DA:327,0
LF:49
LH:0
BRDA:33,0,0,0
BRDA:33,1,0,0
BRDA:33,1,1,0
BRDA:33,1,2,0
BRDA:37,2,0,0
BRDA:37,2,1,0
BRDA:37,3,0,0
BRDA:37,3,1,0
BRDA:49,4,0,0
BRDA:49,5,0,0
BRDA:49,5,1,0
BRDA:52,6,0,0
BRDA:52,6,1,0
BRDA:62,7,0,0
BRDA:76,8,0,0
BRDA:76,8,1,0
BRDA:86,9,0,0
BRDA:99,10,0,0
BRDA:99,11,0,0
BRDA:99,11,1,0
BRDA:111,12,0,0
BRDA:111,13,0,0
BRDA:111,13,1,0
BRDA:124,14,0,0
BRDA:140,15,0,0
BRDA:140,15,1,0
BRDA:140,15,2,0
BRDA:140,15,3,0
BRDA:153,16,0,0
BRDA:153,16,1,0
BRDA:153,16,2,0
BRDA:153,16,3,0
BRDA:188,17,0,0
BRDA:188,17,1,0
BRDA:190,18,0,0
BRDA:190,18,1,0
BRDA:200,19,0,0
BRDA:200,19,1,0
BRDA:208,20,0,0
BRDA:208,20,1,0
BRDA:227,21,0,0
BRDA:227,21,1,0
BRDA:227,21,2,0
BRDA:227,21,3,0
BRDA:241,22,0,0
BRDA:241,22,1,0
BRDA:246,23,0,0
BRDA:246,23,1,0
BRDA:262,24,0,0
BRDA:262,24,1,0
BRDA:262,24,2,0
BRDA:270,25,0,0
BRDA:270,25,1,0
BRDA:279,26,0,0
BRDA:279,26,1,0
BRDA:289,27,0,0
BRDA:289,27,1,0
BRDA:289,28,0,0
BRDA:289,28,1,0
BRDA:299,29,0,0
BRDA:299,29,1,0
BRDA:299,30,0,0
BRDA:299,30,1,0
BRDA:315,31,0,0
BRDA:315,31,1,0
BRF:65
BRH:0
end_of_record
TN:
SF:src\hooks\useAuth.ts
FN:12,(anonymous_15)
FN:24,(anonymous_16)
FN:28,(anonymous_17)
FN:69,(anonymous_20)
FN:77,(anonymous_21)
FN:86,(anonymous_22)
FN:86,(anonymous_23)
FN:89,(anonymous_25)
FN:122,(anonymous_26)
FN:132,(anonymous_27)
FN:157,(anonymous_30)
FNF:11
FNH:0
FNDA:0,(anonymous_15)
FNDA:0,(anonymous_16)
FNDA:0,(anonymous_17)
FNDA:0,(anonymous_20)
FNDA:0,(anonymous_21)
FNDA:0,(anonymous_22)
FNDA:0,(anonymous_23)
FNDA:0,(anonymous_25)
FNDA:0,(anonymous_26)
FNDA:0,(anonymous_27)
FNDA:0,(anonymous_30)
DA:1,0
DA:2,0
DA:12,0
DA:13,0
DA:21,0
DA:24,0
DA:25,0
DA:26,0
DA:28,0
DA:29,0
DA:30,0
DA:31,0
DA:33,0
DA:34,0
DA:35,0
DA:36,0
DA:38,0
DA:39,0
DA:40,0
DA:41,0
DA:42,0
DA:46,0
DA:53,0
DA:54,0
DA:55,0
DA:57,0
DA:58,0
DA:59,0
DA:60,0
DA:68,0
DA:69,0
DA:73,0
DA:77,0
DA:78,0
DA:86,0
DA:87,0
DA:89,0
DA:92,0
DA:93,0
DA:94,0
DA:97,0
DA:98,0
DA:99,0
DA:100,0
DA:101,0
DA:104,0
DA:111,0
DA:112,0
DA:113,0
DA:115,0
DA:116,0
DA:118,0
DA:119,0
DA:120,0
DA:122,0
DA:128,0
DA:132,0
DA:133,0
DA:135,0
DA:136,0
DA:138,0
DA:141,0
DA:142,0
DA:143,0
DA:146,0
DA:152,0
DA:157,0
DA:158,0
DA:159,0
DA:160,0
DA:161,0
DA:162,0
DA:163,0
DA:170,0
DA:171,0
DA:172,0
DA:181,0
LF:77
LH:0
BRDA:25,0,0,0
BRDA:35,1,0,0
BRDA:35,1,1,0
BRDA:36,2,0,0
BRDA:36,2,1,0
BRDA:38,3,0,0
BRDA:38,3,1,0
BRDA:38,4,0,0
BRDA:38,4,1,0
BRDA:81,5,0,0
BRDA:81,5,1,0
BRDA:81,6,0,0
BRDA:81,6,1,0
BRDA:100,7,0,0
BRDA:100,7,1,0
BRDA:101,8,0,0
BRDA:101,8,1,0
BRDA:120,9,0,0
BRDA:120,9,1,0
BRDA:120,10,0,0
BRDA:120,10,1,0
BRDA:120,11,0,0
BRDA:120,11,1,0
BRDA:120,12,0,0
BRDA:120,12,1,0
BRDA:120,13,0,0
BRDA:120,13,1,0
BRDA:159,14,0,0
BRDA:159,14,1,0
BRF:29
BRH:0
end_of_record
TN:
SF:src\services\ApiService.ts
FN:10,(anonymous_15)
FN:14,ApiService
FN:18,(anonymous_17)
FN:25,(anonymous_20)
FN:36,(anonymous_23)
FN:47,(anonymous_26)
FN:54,(anonymous_29)
FN:58,(anonymous_30)
FN:62,(anonymous_31)
FNF:9
FNH:9
FNDA:1,(anonymous_15)
FNDA:14,ApiService
FNDA:5,(anonymous_17)
FNDA:1,(anonymous_20)
FNDA:1,(anonymous_23)
FNDA:1,(anonymous_26)
FNDA:3,(anonymous_29)
FNDA:1,(anonymous_30)
FNDA:8,(anonymous_31)
DA:10,1
DA:12,14
DA:14,15
DA:15,14
DA:18,1
DA:19,5
DA:22,2
DA:25,1
DA:26,1
DA:33,1
DA:36,1
DA:37,1
DA:44,1
DA:47,1
DA:48,1
DA:51,1
DA:54,1
DA:55,3
DA:58,1
DA:59,1
DA:62,1
DA:64,8
DA:66,8
DA:68,8
DA:72,8
DA:73,1
DA:76,8
DA:82,8
DA:84,7
DA:85,1
DA:88,6
DA:89,5
DA:91,3
DA:92,3
DA:95,1
LF:35
LH:35
BRDA:14,0,0,1
BRDA:19,1,0,5
BRDA:26,2,0,1
BRDA:37,3,0,1
BRDA:48,4,0,1
BRDA:64,5,0,0
BRDA:72,6,0,1
BRDA:84,7,0,1
BRF:8
BRH:7
end_of_record
TN:
SF:src\services\AuthService.ts
FN:11,(anonymous_13)
FN:16,AuthService
FN:21,(anonymous_15)
FN:43,(anonymous_18)
FN:56,(anonymous_21)
FN:75,(anonymous_24)
FN:79,(anonymous_25)
FN:83,(anonymous_26)
FN:90,(anonymous_27)
FN:107,(anonymous_28)
FNF:10
FNH:0
FNDA:0,(anonymous_13)
FNDA:0,AuthService
FNDA:0,(anonymous_15)
FNDA:0,(anonymous_18)
FNDA:0,(anonymous_21)
FNDA:0,(anonymous_24)
FNDA:0,(anonymous_25)
FNDA:0,(anonymous_26)
FNDA:0,(anonymous_27)
FNDA:0,(anonymous_28)
DA:11,0
DA:13,0
DA:14,0
DA:17,0
DA:18,0
DA:21,0
DA:23,0
DA:25,0
DA:26,0
DA:27,0
DA:28,0
DA:29,0
DA:32,0
DA:34,0
DA:35,0
DA:43,0
DA:45,0
DA:46,0
DA:49,0
DA:51,0
DA:52,0
DA:56,0
DA:58,0
DA:59,0
DA:61,0
DA:62,0
DA:63,0
DA:64,0
DA:65,0
DA:68,0
DA:70,0
DA:71,0
DA:75,0
DA:76,0
DA:79,0
DA:80,0
DA:83,0
DA:84,0
DA:85,0
DA:86,0
DA:90,0
DA:91,0
DA:92,0
DA:94,0
DA:95,0
DA:96,0
DA:97,0
DA:98,0
DA:99,0
DA:101,0
DA:102,0
DA:107,0
DA:108,0
DA:109,0
DA:110,0
DA:111,0
DA:112,0
DA:114,0
LF:58
LH:0
BRDA:25,0,0,0
BRDA:25,1,0,0
BRDA:25,1,1,0
BRDA:25,1,2,0
BRDA:45,2,0,0
BRDA:61,3,0,0
BRDA:61,4,0,0
BRDA:61,4,1,0
BRDA:80,5,0,0
BRDA:80,5,1,0
BRDA:84,6,0,0
BRDA:84,7,0,0
BRDA:84,7,1,0
BRDA:94,8,0,0
BRDA:94,9,0,0
BRDA:94,9,1,0
BRF:16
BRH:0
end_of_record
TN:
SF:src\services\ChartService.ts
FN:10,(anonymous_0)
FN:22,(anonymous_2)
FN:23,(anonymous_3)
FN:24,(anonymous_4)
FN:40,(anonymous_5)
FN:41,(anonymous_6)
FN:42,(anonymous_7)
FN:43,(anonymous_8)
FN:60,(anonymous_9)
FN:106,(anonymous_10)
FN:115,(anonymous_11)
FNF:11
FNH:11
FNDA:11,(anonymous_0)
FNDA:6,(anonymous_2)
FNDA:6,(anonymous_3)
FNDA:6,(anonymous_4)
FNDA:2,(anonymous_5)
FNDA:2,(anonymous_6)
FNDA:2,(anonymous_7)
FNDA:2,(anonymous_8)
FNDA:2,(anonymous_9)
FNDA:8,(anonymous_10)
FNDA:16,(anonymous_11)
DA:10,1
DA:11,10
DA:22,6
DA:23,6
DA:24,6
DA:26,6
DA:34,6
DA:40,2
DA:41,2
DA:42,2
DA:43,2
DA:45,2
DA:54,2
DA:60,1
DA:61,2
DA:106,1
DA:107,8
DA:108,8
DA:115,1
DA:116,16
DA:132,16
DA:134,1
LF:22
LH:22
BRDA:24,0,0,6
BRDA:24,0,1,2
BRDA:43,1,0,2
BRDA:43,1,1,0
BRDA:132,2,0,16
BRDA:132,2,1,4
BRF:6
BRH:5
end_of_record
TN:
SF:src\services\DataService.ts
FN:12,(anonymous_13)
FN:18,DataService
FN:25,(anonymous_15)
FN:35,(anonymous_18)
FN:45,(anonymous_21)
FN:55,(anonymous_24)
FN:59,(anonymous_25)
FN:67,(anonymous_26)
FN:68,(anonymous_27)
FN:71,(anonymous_28)
FN:75,(anonymous_29)
FN:79,(anonymous_30)
FN:87,(anonymous_31)
FN:93,(anonymous_34)
FN:98,(anonymous_35)
FN:105,(anonymous_38)
FN:110,(anonymous_39)
FNF:17
FNH:0
FNDA:0,(anonymous_13)
FNDA:0,DataService
FNDA:0,(anonymous_15)
FNDA:0,(anonymous_18)
FNDA:0,(anonymous_21)
FNDA:0,(anonymous_24)
FNDA:0,(anonymous_25)
FNDA:0,(anonymous_26)
FNDA:0,(anonymous_27)
FNDA:0,(anonymous_28)
FNDA:0,(anonymous_29)
FNDA:0,(anonymous_30)
FNDA:0,(anonymous_31)
FNDA:0,(anonymous_34)
FNDA:0,(anonymous_35)
FNDA:0,(anonymous_38)
FNDA:0,(anonymous_39)
DA:12,0
DA:16,0
DA:18,0
DA:19,0
DA:20,0
DA:21,0
DA:22,0
DA:25,0
DA:27,0
DA:28,0
DA:30,0
DA:31,0
DA:35,0
DA:37,0
DA:38,0
DA:40,0
DA:41,0
DA:45,0
DA:47,0
DA:48,0
DA:50,0
DA:51,0
DA:55,0
DA:56,0
DA:59,0
DA:60,0
DA:61,0
DA:62,0
DA:67,0
DA:68,0
DA:69,0
DA:70,0
DA:71,0
DA:75,0
DA:76,0
DA:79,0
DA:80,0
DA:84,0
DA:87,0
DA:89,0
DA:91,0
DA:93,0
DA:98,0
DA:99,0
DA:100,0
DA:105,0
DA:106,0
DA:110,0
DA:111,0
DA:113,0
LF:50
LH:0
BRDA:18,0,0,0
BRDA:61,1,0,0
BRDA:69,2,0,0
BRDA:69,3,0,0
BRDA:69,3,1,0
BRDA:99,4,0,0
BRF:6
BRH:0
end_of_record
TN:
SF:src\services\WebSocketService.ts
FN:10,(anonymous_13)
FN:16,(anonymous_15)
FN:17,(anonymous_18)
FN:21,(anonymous_19)
FN:23,(anonymous_20)
FN:27,(anonymous_21)
FN:30,(anonymous_22)
FN:36,(anonymous_23)
FN:38,(anonymous_24)
FN:41,(anonymous_25)
FN:51,(anonymous_26)
FN:58,(anonymous_27)
FN:66,(anonymous_28)
FN:70,(anonymous_29)
FN:74,(anonymous_30)
FN:78,(anonymous_31)
FN:83,(anonymous_32)
FN:90,(anonymous_33)
FN:97,(anonymous_34)
FNF:19
FNH:18
FNDA:17,(anonymous_13)
FNDA:9,(anonymous_15)
FNDA:9,(anonymous_18)
FNDA:8,(anonymous_19)
FNDA:1,(anonymous_20)
FNDA:2,(anonymous_21)
FNDA:1,(anonymous_22)
FNDA:2,(anonymous_23)
FNDA:1,(anonymous_24)
FNDA:0,(anonymous_25)
FNDA:3,(anonymous_26)
FNDA:2,(anonymous_27)
FNDA:2,(anonymous_28)
FNDA:2,(anonymous_29)
FNDA:2,(anonymous_30)
FNDA:6,(anonymous_31)
FNDA:2,(anonymous_32)
FNDA:2,(anonymous_33)
FNDA:2,(anonymous_34)
DA:10,1
DA:11,16
DA:12,16
DA:13,16
DA:14,16
DA:16,1
DA:17,9
DA:18,9
DA:19,9
DA:21,8
DA:22,8
DA:23,8
DA:24,8
DA:27,8
DA:28,2
DA:29,2
DA:30,1
DA:32,1
DA:36,8
DA:37,2
DA:38,2
DA:41,8
DA:42,0
DA:43,0
DA:46,1
DA:51,1
DA:52,3
DA:53,2
DA:54,2
DA:58,1
DA:59,2
DA:60,1
DA:62,1
DA:66,1
DA:67,2
DA:70,1
DA:71,2
DA:74,1
DA:75,2
DA:78,1
DA:79,6
DA:83,1
DA:84,2
DA:85,2
DA:86,1
DA:90,1
DA:91,2
DA:92,2
DA:93,1
DA:97,1
DA:98,2
DA:99,2
DA:100,1
DA:103,1
LF:54
LH:52
BRDA:52,0,0,2
BRDA:59,1,0,1
BRDA:59,1,1,1
BRDA:59,2,0,2
BRDA:59,2,1,1
BRDA:79,3,0,6
BRDA:79,3,1,3
BRDA:85,4,0,1
BRDA:92,5,0,1
BRDA:99,6,0,1
BRF:10
BRH:10
end_of_record
TN:
SF:src\services\api.ts
FN:18,(anonymous_14)
FN:25,(anonymous_15)
FN:30,(anonymous_16)
FN:31,(anonymous_17)
FN:42,(anonymous_18)
FN:42,(anonymous_19)
FN:55,(anonymous_21)
FN:60,(anonymous_24)
FN:78,(anonymous_27)
FN:78,(anonymous_28)
FN:84,(anonymous_30)
FN:90,(anonymous_33)
FN:90,(anonymous_34)
FN:102,(anonymous_36)
FN:102,(anonymous_37)
FN:107,(anonymous_39)
FN:107,(anonymous_40)
FN:113,(anonymous_42)
FN:113,(anonymous_43)
FN:134,(anonymous_45)
FN:142,(anonymous_46)
FN:156,(anonymous_49)
FN:167,(anonymous_52)
FN:167,(anonymous_53)
FN:178,(anonymous_55)
FNF:25
FNH:0
FNDA:0,(anonymous_14)
FNDA:0,(anonymous_15)
FNDA:0,(anonymous_16)
FNDA:0,(anonymous_17)
FNDA:0,(anonymous_18)
FNDA:0,(anonymous_19)
FNDA:0,(anonymous_21)
FNDA:0,(anonymous_24)
FNDA:0,(anonymous_27)
FNDA:0,(anonymous_28)
FNDA:0,(anonymous_30)
FNDA:0,(anonymous_33)
FNDA:0,(anonymous_34)
FNDA:0,(anonymous_36)
FNDA:0,(anonymous_37)
FNDA:0,(anonymous_39)
FNDA:0,(anonymous_40)
FNDA:0,(anonymous_42)
FNDA:0,(anonymous_43)
FNDA:0,(anonymous_45)
FNDA:0,(anonymous_46)
FNDA:0,(anonymous_49)
FNDA:0,(anonymous_52)
FNDA:0,(anonymous_53)
FNDA:0,(anonymous_55)
DA:1,0
DA:4,0
DA:5,0
DA:8,0
DA:17,0
DA:19,0
DA:20,0
DA:21,0
DA:23,0
DA:25,0
DA:29,0
DA:30,0
DA:32,0
DA:33,0
DA:34,0
DA:36,0
DA:41,0
DA:42,0
DA:43,0
DA:44,0
DA:46,0
DA:51,0
DA:52,0
DA:55,0
DA:56,0
DA:57,0
DA:60,0
DA:61,0
DA:62,0
DA:63,0
DA:66,0
DA:71,0
DA:76,0
DA:78,0
DA:79,0
DA:80,0
DA:84,0
DA:85,0
DA:86,0
DA:90,0
DA:92,0
DA:102,0
DA:103,0
DA:107,0
DA:108,0
DA:109,0
DA:113,0
DA:115,0
DA:135,0
DA:140,0
DA:142,0
DA:143,0
DA:144,0
DA:145,0
DA:156,0
DA:157,0
DA:158,0
DA:167,0
DA:169,0
DA:178,0
DA:179,0
DA:180,0
DA:182,0
DA:183,0
DA:185,0
DA:188,0
LF:66
LH:0
BRDA:4,0,0,0
BRDA:4,0,1,0
BRDA:5,1,0,0
BRDA:5,1,1,0
BRDA:20,2,0,0
BRDA:32,3,0,0
BRDA:32,4,0,0
BRDA:32,4,1,0
BRDA:32,5,0,0
BRDA:32,5,1,0
BRDA:56,6,0,0
BRDA:62,7,0,0
BRDA:79,8,0,0
BRDA:84,9,0,0
BRDA:85,10,0,0
BRDA:86,11,0,0
BRDA:86,11,1,0
BRDA:103,12,0,0
BRDA:108,13,0,0
BRDA:143,14,0,0
BRDA:157,15,0,0
BRDA:179,16,0,0
BRDA:179,17,0,0
BRDA:179,17,1,0
BRDA:179,18,0,0
BRDA:179,18,1,0
BRDA:179,19,0,0
BRDA:179,19,1,0
BRDA:179,20,0,0
BRDA:179,20,1,0
BRDA:182,21,0,0
BRF:31
BRH:0
end_of_record
